x64\dll_release\activation_kernels.cu.obj
x64\dll_release\avgpool_layer_kernels.cu.obj
x64\dll_release\blas_kernels.cu.obj
x64\dll_release\col2im_kernels.cu.obj
x64\dll_release\convolutional_kernels.cu.obj
x64\dll_release\crop_layer_kernels.cu.obj
x64\dll_release\deconvolutional_kernels.cu.obj
x64\dll_release\dropout_layer_kernels.cu.obj
x64\dll_release\im2col_kernels.cu.obj
x64\dll_release\maxpool_layer_kernels.cu.obj
x64\dll_release\network_kernels.cu.obj
c:\users\ximen\desktop\darknet-master\darknet-master\build\darknet\x64\dll_release\activation_kernels.cu.cache
c:\users\ximen\desktop\darknet-master\darknet-master\build\darknet\x64\dll_release\avgpool_layer_kernels.cu.cache
c:\users\ximen\desktop\darknet-master\darknet-master\build\darknet\x64\dll_release\blas_kernels.cu.cache
c:\users\ximen\desktop\darknet-master\darknet-master\build\darknet\x64\dll_release\col2im_kernels.cu.cache
c:\users\ximen\desktop\darknet-master\darknet-master\build\darknet\x64\dll_release\convolutional_kernels.cu.cache
c:\users\ximen\desktop\darknet-master\darknet-master\build\darknet\x64\dll_release\crop_layer_kernels.cu.cache
c:\users\ximen\desktop\darknet-master\darknet-master\build\darknet\x64\dll_release\deconvolutional_kernels.cu.cache
c:\users\ximen\desktop\darknet-master\darknet-master\build\darknet\x64\dll_release\dropout_layer_kernels.cu.cache
c:\users\ximen\desktop\darknet-master\darknet-master\build\darknet\x64\dll_release\im2col_kernels.cu.cache
c:\users\ximen\desktop\darknet-master\darknet-master\build\darknet\x64\dll_release\maxpool_layer_kernels.cu.cache
c:\users\ximen\desktop\darknet-master\darknet-master\build\darknet\x64\dll_release\network_kernels.cu.cache
c:\users\ximen\desktop\darknet-master\darknet-master\build\darknet\x64\dll_release\yolo_cpp_dll.tlog\cudacompile.read.1u.tlog
c:\users\ximen\desktop\darknet-master\darknet-master\build\darknet\x64\dll_release\yolo_cpp_dll.tlog\cudacompile.write.1u.tlog
